This is pdfTeX, Version 3.14159265-2.6-1.40.20 (MiKTeX 2.9.7140 64-bit) (preloaded format=pdflatex 2019.9.2)  6 SEP 2019 12:06
entering extended mode
**./thesis.tex
(thesis.tex
LaTeX2e <2018-12-01>
("C:\Users\norbert\AppData\Local\Programs\MiKTeX 2.9\tex/latex/base\report.cls"
Document Class: report 2018/09/03 v1.4i Standard LaTeX document class
("C:\Users\norbert\AppData\Local\Programs\MiKTeX 2.9\tex/latex/base\size12.clo"
File: size12.clo 2018/09/03 v1.4i Standard LaTeX file (size option)
)
\c@part=\count80
\c@chapter=\count81
\c@section=\count82
\c@subsection=\count83
\c@subsubsection=\count84
\c@paragraph=\count85
\c@subparagraph=\count86
\c@figure=\count87
\c@table=\count88
\abovecaptionskip=\skip41
\belowcaptionskip=\skip42
\bibindent=\dimen102
)
("C:\Users\norbert\AppData\Local\Programs\MiKTeX 2.9\tex/latex/polski\polski.st
y"
Package: polski 2017/05/04 v1.3.4 Polish language package

   Switching to Polish text encoding and Polish maths fonts.
("C:\Users\norbert\AppData\Local\Programs\MiKTeX 2.9\tex/latex/base\ot4enc.def"
File: ot4enc.def 2018/08/11 v2.0j Standard LaTeX file
Now handling font encoding OT4 ...
... no UTF-8 mapping file for font encoding OT4
)
LaTeX Font Info:    Try loading font information for OT4+cmr on input line 360.


("C:\Users\norbert\AppData\Local\Programs\MiKTeX 2.9\tex/latex/polski\ot4cmr.fd
"
File: ot4cmr.fd 2008/02/24 v1.2.1 Font defs for fonts PL (MW)
)
LaTeX Font Info:    Overwriting math alphabet `\mathbf' in version `normal'
(Font)                  OT1/cmr/bx/n --> OT4/cmr/bx/n on input line 360.
LaTeX Font Info:    Overwriting math alphabet `\mathsf' in version `normal'
(Font)                  OT1/cmss/m/n --> OT4/cmss/m/n on input line 360.
LaTeX Font Info:    Overwriting math alphabet `\mathit' in version `normal'
(Font)                  OT1/cmr/m/it --> OT4/cmr/m/it on input line 360.
LaTeX Font Info:    Overwriting math alphabet `\mathtt' in version `normal'
(Font)                  OT1/cmtt/m/n --> OT4/cmtt/m/n on input line 360.
LaTeX Font Info:    Overwriting math alphabet `\mathsf' in version `bold'
(Font)                  OT1/cmss/bx/n --> OT4/cmss/bx/n on input line 360.
LaTeX Font Info:    Overwriting math alphabet `\mathit' in version `bold'
(Font)                  OT1/cmr/bx/it --> OT4/cmr/bx/it on input line 360.
LaTeX Font Info:    Encoding `OT1' has changed to `OT4' for symbol font
(Font)              `operators' in the math version `normal' on input line 360.

LaTeX Font Info:    Overwriting symbol font `operators' in version `normal'
(Font)                  OT1/cmr/m/n --> OT4/cmr/m/n on input line 360.
LaTeX Font Info:    Overwriting symbol font `letters' in version `normal'
(Font)                  OML/cmm/m/it --> OML/plm/m/it on input line 360.
LaTeX Font Info:    Overwriting symbol font `symbols' in version `normal'
(Font)                  OMS/cmsy/m/n --> OMS/plsy/m/n on input line 360.
LaTeX Font Info:    Overwriting symbol font `largesymbols' in version `normal'
(Font)                  OMX/cmex/m/n --> OMX/plex/m/n on input line 360.
LaTeX Font Info:    Encoding `OT1' has changed to `OT4' for symbol font
(Font)              `operators' in the math version `bold' on input line 360.
LaTeX Font Info:    Overwriting symbol font `operators' in version `bold'
(Font)                  OT1/cmr/bx/n --> OT4/cmr/bx/n on input line 360.
LaTeX Font Info:    Overwriting symbol font `letters' in version `bold'
(Font)                  OML/cmm/b/it --> OML/plm/b/it on input line 360.
LaTeX Font Info:    Overwriting symbol font `symbols' in version `bold'
(Font)                  OMS/cmsy/b/n --> OMS/plsy/b/n on input line 360.
)
("C:\Users\norbert\AppData\Local\Programs\MiKTeX 2.9\tex/latex/base\inputenc.st
y"
Package: inputenc 2018/08/11 v1.3c Input encoding file
\inpenc@prehook=\toks14
\inpenc@posthook=\toks15
)
("C:\Users\norbert\AppData\Local\Programs\MiKTeX 2.9\tex/latex/was\gensymb.sty"
Package: gensymb 2003/07/02 v1.0 (WaS)
) ("C:\Users\norbert\AppData\Local\Programs\MiKTeX 2.9\tex/latex/epsf\epsf.sty"
This is `epsf.tex' v2.7.4 <14 February 2011>
\epsffilein=\read1
\epsfframemargin=\dimen103
\epsfframethickness=\dimen104
\epsfrsize=\dimen105
\epsftmp=\dimen106
\epsftsize=\dimen107
\epsfxsize=\dimen108
\epsfysize=\dimen109
\pspoints=\dimen110
)
("C:\Users\norbert\AppData\Local\Programs\MiKTeX 2.9\tex/latex/graphics\graphic
x.sty"
Package: graphicx 2017/06/01 v1.1a Enhanced LaTeX Graphics (DPC,SPQR)

("C:\Users\norbert\AppData\Local\Programs\MiKTeX 2.9\tex/latex/graphics\keyval.
sty"
Package: keyval 2014/10/28 v1.15 key=value parser (DPC)
\KV@toks@=\toks16
)
("C:\Users\norbert\AppData\Local\Programs\MiKTeX 2.9\tex/latex/graphics\graphic
s.sty"
Package: graphics 2017/06/25 v1.2c Standard LaTeX Graphics (DPC,SPQR)

("C:\Users\norbert\AppData\Local\Programs\MiKTeX 2.9\tex/latex/graphics\trig.st
y"
Package: trig 2016/01/03 v1.10 sin cos tan (DPC)
)
("C:\Users\norbert\AppData\Local\Programs\MiKTeX 2.9\tex/latex/graphics-cfg\gra
phics.cfg"
File: graphics.cfg 2016/06/04 v1.11 sample graphics configuration
)
Package graphics Info: Driver file: pdftex.def on input line 99.

("C:\Users\norbert\AppData\Local\Programs\MiKTeX 2.9\tex/latex/graphics-def\pdf
tex.def"
File: pdftex.def 2018/01/08 v1.0l Graphics/color driver for pdftex
))
\Gin@req@height=\dimen111
\Gin@req@width=\dimen112
)
("C:\Users\norbert\AppData\Local\Programs\MiKTeX 2.9\tex/latex/subfigure\subfig
ure.sty"
Package: subfigure 2002/07/30 v2.1.4 subfigure package
\subfigtopskip=\skip43
\subfigcapskip=\skip44
\subfigcaptopadj=\dimen113
\subfigbottomskip=\skip45
\subfigcapmargin=\dimen114
\subfiglabelskip=\skip46
\c@subfigure=\count89
\c@lofdepth=\count90
\c@subtable=\count91
\c@lotdepth=\count92

****************************************
* Local config file subfigure.cfg used *
****************************************

("C:\Users\norbert\AppData\Local\Programs\MiKTeX 2.9\tex/latex/subfigure\subfig
ure.cfg")
\subfig@top=\skip47
\subfig@bottom=\skip48
)
("C:\Users\norbert\AppData\Local\Programs\MiKTeX 2.9\tex/latex/base\latexsym.st
y"
Package: latexsym 1998/08/17 v2.2e Standard LaTeX package (lasy symbols)
\symlasy=\mathgroup4
LaTeX Font Info:    Overwriting symbol font `lasy' in version `bold'
(Font)                  U/lasy/m/n --> U/lasy/b/n on input line 52.
)
("C:\Users\norbert\AppData\Local\Programs\MiKTeX 2.9\tex/latex/amsfonts\amssymb
.sty"
Package: amssymb 2013/01/14 v3.01 AMS font symbols

("C:\Users\norbert\AppData\Local\Programs\MiKTeX 2.9\tex/latex/amsfonts\amsfont
s.sty"
Package: amsfonts 2013/01/14 v3.01 Basic AMSFonts support
\@emptytoks=\toks17
\symAMSa=\mathgroup5
\symAMSb=\mathgroup6
LaTeX Font Info:    Overwriting math alphabet `\mathfrak' in version `bold'
(Font)                  U/euf/m/n --> U/euf/b/n on input line 106.
))
("C:\Users\norbert\AppData\Local\Programs\MiKTeX 2.9\tex/latex/setspace\setspac
e.sty"
Package: setspace 2011/12/19 v6.7a set line spacing
)
("C:\Users\norbert\AppData\Local\Programs\MiKTeX 2.9\tex/latex/cite\cite.sty"
LaTeX Info: Redefining \cite on input line 302.
LaTeX Info: Redefining \nocite on input line 332.
Package: cite 2015/02/27  v 5.5
)
("C:\Users\norbert\AppData\Local\Programs\MiKTeX 2.9\tex/latex/tools\indentfirs
t.sty"
Package: indentfirst 1995/11/23 v1.03 Indent first paragraph (DPC)
)
("C:\Users\norbert\AppData\Local\Programs\MiKTeX 2.9\tex/latex/mathtools\mathto
ols.sty"
Package: mathtools 2019/07/31 v1.22 mathematical typesetting tools

("C:\Users\norbert\AppData\Local\Programs\MiKTeX 2.9\tex/latex/tools\calc.sty"
Package: calc 2017/05/25 v4.3 Infix arithmetic (KKT,FJ)
\calc@Acount=\count93
\calc@Bcount=\count94
\calc@Adimen=\dimen115
\calc@Bdimen=\dimen116
\calc@Askip=\skip49
\calc@Bskip=\skip50
LaTeX Info: Redefining \setlength on input line 80.
LaTeX Info: Redefining \addtolength on input line 81.
\calc@Ccount=\count95
\calc@Cskip=\skip51
)
("C:\Users\norbert\AppData\Local\Programs\MiKTeX 2.9\tex/latex/mathtools\mhsetu
p.sty"
Package: mhsetup 2017/03/31 v1.3 programming setup (MH)
)
("C:\Users\norbert\AppData\Local\Programs\MiKTeX 2.9\tex/latex/amsmath\amsmath.
sty"
Package: amsmath 2018/12/01 v2.17b AMS math features
\@mathmargin=\skip52

For additional information on amsmath, use the `?' option.

("C:\Users\norbert\AppData\Local\Programs\MiKTeX 2.9\tex/latex/amsmath\amstext.
sty"
Package: amstext 2000/06/29 v2.01 AMS text

("C:\Users\norbert\AppData\Local\Programs\MiKTeX 2.9\tex/latex/amsmath\amsgen.s
ty"
File: amsgen.sty 1999/11/30 v2.0 generic functions
\@emptytoks=\toks18
\ex@=\dimen117
))
("C:\Users\norbert\AppData\Local\Programs\MiKTeX 2.9\tex/latex/amsmath\amsbsy.s
ty"
Package: amsbsy 1999/11/29 v1.2d Bold Symbols
\pmbraise@=\dimen118
)
("C:\Users\norbert\AppData\Local\Programs\MiKTeX 2.9\tex/latex/amsmath\amsopn.s
ty"
Package: amsopn 2016/03/08 v2.02 operator names
)
\inf@bad=\count96
LaTeX Info: Redefining \frac on input line 223.
\uproot@=\count97
\leftroot@=\count98
LaTeX Info: Redefining \overline on input line 385.
\classnum@=\count99
\DOTSCASE@=\count100
LaTeX Info: Redefining \ldots on input line 482.
LaTeX Info: Redefining \dots on input line 485.
LaTeX Info: Redefining \cdots on input line 606.
\Mathstrutbox@=\box27
\strutbox@=\box28
\big@size=\dimen119
LaTeX Font Info:    Redeclaring font encoding OML on input line 729.
LaTeX Font Info:    Redeclaring font encoding OMS on input line 730.
\macc@depth=\count101
\c@MaxMatrixCols=\count102
\dotsspace@=\muskip10
\c@parentequation=\count103
\dspbrk@lvl=\count104
\tag@help=\toks19
\row@=\count105
\column@=\count106
\maxfields@=\count107
\andhelp@=\toks20
\eqnshift@=\dimen120
\alignsep@=\dimen121
\tagshift@=\dimen122
\tagwidth@=\dimen123
\totwidth@=\dimen124
\lineht@=\dimen125
\@envbody=\toks21
\multlinegap=\skip53
\multlinetaggap=\skip54
\mathdisplay@stack=\toks22
LaTeX Info: Redefining \[ on input line 2844.
LaTeX Info: Redefining \] on input line 2845.
)
LaTeX Info: Thecontrolsequence`\('isalreadyrobust on input line 129.
LaTeX Info: Thecontrolsequence`\)'isalreadyrobust on input line 129.
LaTeX Info: Thecontrolsequence`\['isalreadyrobust on input line 129.
LaTeX Info: Thecontrolsequence`\]'isalreadyrobust on input line 129.
\g_MT_multlinerow_int=\count108
\l_MT_multwidth_dim=\dimen126
\origjot=\skip55
\l_MT_shortvdotswithinadjustabove_dim=\dimen127
\l_MT_shortvdotswithinadjustbelow_dim=\dimen128
\l_MT_above_intertext_sep=\dimen129
\l_MT_below_intertext_sep=\dimen130
\l_MT_above_shortintertext_sep=\dimen131
\l_MT_below_shortintertext_sep=\dimen132
)
("C:\Users\norbert\AppData\Local\Programs\MiKTeX 2.9\tex/latex/caption\caption.
sty"
Package: caption 2019/08/29 v3.3b Customizing captions (AR)

("C:\Users\norbert\AppData\Local\Programs\MiKTeX 2.9\tex/latex/caption\caption3
.sty"
Package: caption3 2018/09/12 v1.8c caption3 kernel (AR)
Package caption3 Info: TeX engine: e-TeX on input line 64.
\captionmargin=\dimen133
\captionmargin@=\dimen134
\captionwidth=\dimen135
\caption@tempdima=\dimen136
\caption@indent=\dimen137
\caption@parindent=\dimen138
\caption@hangindent=\dimen139
)
\c@caption@flags=\count109
\c@ContinuedFloat=\count110
Package caption Info: subfigure package is loaded.
)
("C:\Users\norbert\AppData\Local\Programs\MiKTeX 2.9\tex/latex/multirow\multiro
w.sty"
Package: multirow 2019/05/31 v2.5 Span multiple rows of a table
\multirow@colwidth=\skip56
\multirow@cntb=\count111
\multirow@dima=\skip57
\bigstrutjot=\dimen140
)
("C:\Users\norbert\AppData\Local\Programs\MiKTeX 2.9\tex/latex/graphics\rotatin
g.sty"
Package: rotating 2016/08/11 v2.16d rotated objects in LaTeX

("C:\Users\norbert\AppData\Local\Programs\MiKTeX 2.9\tex/latex/base\ifthen.sty"
Package: ifthen 2014/09/29 v1.1c Standard LaTeX ifthen package (DPC)
)
\c@r@tfl@t=\count112
\rotFPtop=\skip58
\rotFPbot=\skip59
\rot@float@box=\box29
\rot@mess@toks=\toks23
)
("C:\Users\norbert\AppData\Local\Programs\MiKTeX 2.9\tex/latex/siunitx\siunitx.
sty"
("C:\Users\norbert\AppData\Local\Programs\MiKTeX 2.9\tex/latex/l3kernel\expl3.s
ty"
Package: expl3 2019-08-25 L3 programming layer (loader) 

("C:\Users\norbert\AppData\Local\Programs\MiKTeX 2.9\tex/latex/l3kernel\expl3-c
ode.tex"
Package: expl3 2019-08-25 L3 programming layer (code)
\c_max_int=\count113
\l_tmpa_int=\count114
\l_tmpb_int=\count115
\g_tmpa_int=\count116
\g_tmpb_int=\count117
\g__kernel_prg_map_int=\count118
\c__ior_term_noprompt_ior=\count119
\c_log_iow=\count120
\l_iow_line_count_int=\count121
\l__iow_line_target_int=\count122
\l__iow_one_indent_int=\count123
\l__iow_indent_int=\count124
\c_zero_dim=\dimen141
\c_max_dim=\dimen142
\l_tmpa_dim=\dimen143
\l_tmpb_dim=\dimen144
\g_tmpa_dim=\dimen145
\g_tmpb_dim=\dimen146
\c_zero_skip=\skip60
\c_max_skip=\skip61
\l_tmpa_skip=\skip62
\l_tmpb_skip=\skip63
\g_tmpa_skip=\skip64
\g_tmpb_skip=\skip65
\c_zero_muskip=\muskip11
\c_max_muskip=\muskip12
\l_tmpa_muskip=\muskip13
\l_tmpb_muskip=\muskip14
\g_tmpa_muskip=\muskip15
\g_tmpb_muskip=\muskip16
\l_keys_choice_int=\count125
\l__intarray_loop_int=\count126
\c__intarray_sp_dim=\dimen147
\g__intarray_font_int=\count127
\c__fp_leading_shift_int=\count128
\c__fp_middle_shift_int=\count129
\c__fp_trailing_shift_int=\count130
\c__fp_big_leading_shift_int=\count131
\c__fp_big_middle_shift_int=\count132
\c__fp_big_trailing_shift_int=\count133
\c__fp_Bigg_leading_shift_int=\count134
\c__fp_Bigg_middle_shift_int=\count135
\c__fp_Bigg_trailing_shift_int=\count136
\c__kernel_randint_max_int=\count137
\g__fp_array_int=\count138
\l__fp_array_loop_int=\count139
\l__sort_length_int=\count140
\l__sort_min_int=\count141
\l__sort_top_int=\count142
\l__sort_max_int=\count143
\l__sort_true_max_int=\count144
\l__sort_block_int=\count145
\l__sort_begin_int=\count146
\l__sort_end_int=\count147
\l__sort_A_int=\count148
\l__sort_B_int=\count149
\l__sort_C_int=\count150
\l__str_internal_int=\count151
\c__str_replacement_char_int=\count152
\l__tl_analysis_normal_int=\count153
\l__tl_analysis_index_int=\count154
\l__tl_analysis_nesting_int=\count155
\l__tl_analysis_type_int=\count156
\l__regex_internal_a_int=\count157
\l__regex_internal_b_int=\count158
\l__regex_internal_c_int=\count159
\l__regex_balance_int=\count160
\l__regex_group_level_int=\count161
\l__regex_mode_int=\count162
\c__regex_cs_in_class_mode_int=\count163
\c__regex_cs_mode_int=\count164
\l__regex_catcodes_int=\count165
\l__regex_default_catcodes_int=\count166
\c__regex_catcode_D_int=\count167
\c__regex_catcode_S_int=\count168
\c__regex_catcode_L_int=\count169
\c__regex_catcode_O_int=\count170
\c__regex_catcode_A_int=\count171
\c__regex_all_catcodes_int=\count172
\l__regex_show_lines_int=\count173
\l__regex_min_state_int=\count174
\l__regex_max_state_int=\count175
\l__regex_left_state_int=\count176
\l__regex_right_state_int=\count177
\l__regex_capturing_group_int=\count178
\l__regex_min_pos_int=\count179
\l__regex_max_pos_int=\count180
\l__regex_curr_pos_int=\count181
\l__regex_start_pos_int=\count182
\l__regex_success_pos_int=\count183
\l__regex_curr_char_int=\count184
\l__regex_curr_catcode_int=\count185
\l__regex_last_char_int=\count186
\l__regex_case_changed_char_int=\count187
\l__regex_curr_state_int=\count188
\l__regex_step_int=\count189
\l__regex_min_active_int=\count190
\l__regex_max_active_int=\count191
\l__regex_replacement_csnames_int=\count192
\l__regex_match_count_int=\count193
\l__regex_min_submatch_int=\count194
\l__regex_submatch_int=\count195
\l__regex_zeroth_submatch_int=\count196
\g__regex_trace_regex_int=\count197
\c_empty_box=\box30
\l_tmpa_box=\box31
\l_tmpb_box=\box32
\g_tmpa_box=\box33
\g_tmpb_box=\box34
\l__box_top_dim=\dimen148
\l__box_bottom_dim=\dimen149
\l__box_left_dim=\dimen150
\l__box_right_dim=\dimen151
\l__box_top_new_dim=\dimen152
\l__box_bottom_new_dim=\dimen153
\l__box_left_new_dim=\dimen154
\l__box_right_new_dim=\dimen155
\l__box_internal_box=\box35
\l__coffin_internal_box=\box36
\l__coffin_internal_dim=\dimen156
\l__coffin_offset_x_dim=\dimen157
\l__coffin_offset_y_dim=\dimen158
\l__coffin_x_dim=\dimen159
\l__coffin_y_dim=\dimen160
\l__coffin_x_prime_dim=\dimen161
\l__coffin_y_prime_dim=\dimen162
\c_empty_coffin=\box37
\l__coffin_aligned_coffin=\box38
\l__coffin_aligned_internal_coffin=\box39
\l_tmpa_coffin=\box40
\l_tmpb_coffin=\box41
\g_tmpa_coffin=\box42
\g_tmpb_coffin=\box43
\l__coffin_bounding_shift_dim=\dimen163
\l__coffin_left_corner_dim=\dimen164
\l__coffin_right_corner_dim=\dimen165
\l__coffin_bottom_corner_dim=\dimen166
\l__coffin_top_corner_dim=\dimen167
\l__coffin_scaled_total_height_dim=\dimen168
\l__coffin_scaled_width_dim=\dimen169
\c__coffin_empty_coffin=\box44
\l__coffin_display_coffin=\box45
\l__coffin_display_coord_coffin=\box46
\l__coffin_display_pole_coffin=\box47
\l__coffin_display_offset_dim=\dimen170
\l__coffin_display_x_dim=\dimen171
\l__coffin_display_y_dim=\dimen172
\g__file_internal_ior=\read2
\l__seq_internal_a_int=\count198
\l__seq_internal_b_int=\count199
)
("C:\Users\norbert\AppData\Local\Programs\MiKTeX 2.9\tex/latex/l3backend\l3back
end-pdfmode.def"
File: l3backend-pdfmode.def 2019-04-06 v L3 Experimental backend support: PDF m
ode
\l__kernel_color_stack_int=\count266
\l__pdf_internal_box=\box48
))
("C:\Users\norbert\AppData\Local\Programs\MiKTeX 2.9\tex/latex/l3packages/xpars
e\xparse.sty"
Package: xparse 2019-05-28 L3 Experimental document command parser
\l__xparse_current_arg_int=\count267
\g__xparse_grabber_int=\count268
\l__xparse_m_args_int=\count269
\l__xparse_v_nesting_int=\count270
)
Package: siunitx 2018/05/17 v2.7s A comprehensive (SI) units package

("C:\Users\norbert\AppData\Local\Programs\MiKTeX 2.9\tex/latex/tools\array.sty"
Package: array 2018/12/30 v2.4k Tabular extension package (FMi)
\col@sep=\dimen173
\ar@mcellbox=\box49
\extrarowheight=\dimen174
\NC@list=\toks24
\extratabsurround=\skip66
\backup@length=\skip67
\ar@cellbox=\box50
)
("C:\Users\norbert\AppData\Local\Programs\MiKTeX 2.9\tex/latex/l3packages/l3key
s2e\l3keys2e.sty"
Package: l3keys2e 2019-05-28 LaTeX2e option processing using LaTeX3 keys
)
\l__siunitx_tmp_box=\box51
\l__siunitx_tmp_dim=\dimen175
\l__siunitx_tmp_int=\count271
\l__siunitx_number_mantissa_length_int=\count272
\l__siunitx_number_uncert_length_int=\count273
\l__siunitx_round_int=\count274
\l__siunitx_process_decimal_int=\count275
\l__siunitx_process_uncertainty_int=\count276
\l__siunitx_process_fixed_int=\count277
\l__siunitx_process_integer_min_int=\count278
\l__siunitx_process_precision_int=\count279
\l__siunitx_group_min_int=\count280
\l__siunitx_angle_marker_box=\box52
\l__siunitx_angle_unit_box=\box53
\l__siunitx_angle_marker_dim=\dimen176
\l__siunitx_angle_unit_dim=\dimen177
\l__siunitx_unit_int=\count281
\l__siunitx_unit_denominator_int=\count282
\l__siunitx_unit_numerator_int=\count283
\l__siunitx_unit_prefix_int=\count284
\l__siunitx_unit_prefix_base_int=\count285
\l__siunitx_unit_prefix_gram_int=\count286
\l__siunitx_number_product_int=\count287
\c__siunitx_one_fill_skip=\skip68
\l__siunitx_table_unit_align_skip=\skip69
\l__siunitx_table_exponent_dim=\dimen178
\l__siunitx_table_integer_dim=\dimen179
\l__siunitx_table_mantissa_dim=\dimen180
\l__siunitx_table_marker_dim=\dimen181
\l__siunitx_table_result_dim=\dimen182
\l__siunitx_table_uncert_dim=\dimen183
\l__siunitx_table_fill_pre_dim=\dimen184
\l__siunitx_table_fill_post_dim=\dimen185
\l__siunitx_table_fill_mid_dim=\dimen186
\l__siunitx_table_pre_box=\box54
\l__siunitx_table_post_box=\box55
\l__siunitx_table_mantissa_box=\box56
\l__siunitx_table_result_box=\box57
\l__siunitx_table_number_align_skip=\skip70
\l__siunitx_table_text_align_skip=\skip71

("C:\Users\norbert\AppData\Local\Programs\MiKTeX 2.9\tex/latex/translator\trans
lator.sty"
Package: translator 2019-05-31 v1.12a Easy translation of strings in LaTeX
))
("C:\Users\norbert\AppData\Local\Programs\MiKTeX 2.9\tex/latex/url\url.sty"
\Urlmuskip=\muskip17
Package: url 2013/09/16  ver 3.4  Verb mode for urls, etc.
)
("C:\Users\norbert\AppData\Local\Programs\MiKTeX 2.9\tex/latex/anysize\anysize.
sty"
Package: anysize 1994/08/13 setting margin sizes

document style option `anysize' loaded
Michael Salzenberg, Thomas Esser, Dirk Hillbrecht
Version 1.0, Aug 13, 1994
\@Leftmargin=\dimen187
\@Rightmargin=\dimen188
\@Topmargin=\dimen189
\@Bottommargin=\dimen190
) (fancyhdr.sty
\headwidth=\dimen191
) (thesis.aux (header.aux)

LaTeX Warning: Label `tab:USG-params' multiply defined.


LaTeX Warning: Label `fig:cmscores' multiply defined.

)
\openout1 = `thesis.aux'.

LaTeX Font Info:    Checking defaults for OML/cmm/m/it on input line 41.
LaTeX Font Info:    ... okay on input line 41.
LaTeX Font Info:    Checking defaults for T1/cmr/m/n on input line 41.
LaTeX Font Info:    ... okay on input line 41.
LaTeX Font Info:    Checking defaults for OT1/cmr/m/n on input line 41.
LaTeX Font Info:    ... okay on input line 41.
LaTeX Font Info:    Checking defaults for OMS/cmsy/m/n on input line 41.
LaTeX Font Info:    ... okay on input line 41.
LaTeX Font Info:    Checking defaults for OMX/cmex/m/n on input line 41.
LaTeX Font Info:    ... okay on input line 41.
LaTeX Font Info:    Checking defaults for U/cmr/m/n on input line 41.
LaTeX Font Info:    ... okay on input line 41.
LaTeX Font Info:    Checking defaults for OT4/cmr/m/n on input line 41.
LaTeX Font Info:    ... okay on input line 41.
LaTeX Info: Redefining \celsius on input line 41.
Package gensymb Info: Faking symbols for \degree and \celsius on input line 41.



Package gensymb Warning: Not defining \perthousand.

LaTeX Info: Redefining \ohm on input line 41.
Package gensymb Info: Using \Omega for \ohm on input line 41.

Package gensymb Warning: Not defining \micro.


("C:\Users\norbert\AppData\Local\Programs\MiKTeX 2.9\tex/context/base/mkii\supp
-pdf.mkii"
[Loading MPS to PDF converter (version 2006.09.02).]
\scratchcounter=\count288
\scratchdimen=\dimen192
\scratchbox=\box58
\nofMPsegments=\count289
\nofMParguments=\count290
\everyMPshowfont=\toks25
\MPscratchCnt=\count291
\MPscratchDim=\dimen193
\MPnumerator=\count292
\makeMPintoPDFobject=\count293
\everyMPtoPDFconversion=\toks26
)
("C:\Users\norbert\AppData\Local\Programs\MiKTeX 2.9\tex/latex/oberdiek\epstopd
f-base.sty"
Package: epstopdf-base 2016/05/15 v2.6 Base part for package epstopdf

("C:\Users\norbert\AppData\Local\Programs\MiKTeX 2.9\tex/generic/oberdiek\infwa
rerr.sty"
Package: infwarerr 2016/05/16 v1.4 Providing info/warning/error messages (HO)
)
("C:\Users\norbert\AppData\Local\Programs\MiKTeX 2.9\tex/latex/oberdiek\grfext.
sty"
Package: grfext 2016/05/16 v1.2 Manage graphics extensions (HO)

("C:\Users\norbert\AppData\Local\Programs\MiKTeX 2.9\tex/generic/oberdiek\kvdef
inekeys.sty"
Package: kvdefinekeys 2016/05/16 v1.4 Define keys (HO)

("C:\Users\norbert\AppData\Local\Programs\MiKTeX 2.9\tex/generic/oberdiek\ltxcm
ds.sty"
Package: ltxcmds 2016/05/16 v1.23 LaTeX kernel commands for general use (HO)
)))
("C:\Users\norbert\AppData\Local\Programs\MiKTeX 2.9\tex/latex/oberdiek\kvoptio
ns.sty"
Package: kvoptions 2016/05/16 v3.12 Key value format for package options (HO)

("C:\Users\norbert\AppData\Local\Programs\MiKTeX 2.9\tex/generic/oberdiek\kvset
keys.sty"
Package: kvsetkeys 2016/05/16 v1.17 Key value parser (HO)

("C:\Users\norbert\AppData\Local\Programs\MiKTeX 2.9\tex/generic/oberdiek\etexc
mds.sty"
Package: etexcmds 2016/05/16 v1.6 Avoid name clashes with e-TeX commands (HO)

("C:\Users\norbert\AppData\Local\Programs\MiKTeX 2.9\tex/generic/oberdiek\iflua
tex.sty"
Package: ifluatex 2016/05/16 v1.4 Provides the ifluatex switch (HO)
Package ifluatex Info: LuaTeX not detected.
))))
("C:\Users\norbert\AppData\Local\Programs\MiKTeX 2.9\tex/generic/oberdiek\pdfte
xcmds.sty"
Package: pdftexcmds 2019/07/25 v0.30 Utility functions of pdfTeX for LuaTeX (HO
)

("C:\Users\norbert\AppData\Local\Programs\MiKTeX 2.9\tex/generic/oberdiek\ifpdf
.sty"
Package: ifpdf 2018/09/07 v3.3 Provides the ifpdf switch
)
Package pdftexcmds Info: LuaTeX not detected.
Package pdftexcmds Info: \pdf@primitive is available.
Package pdftexcmds Info: \pdf@ifprimitive is available.
Package pdftexcmds Info: \pdfdraftmode found.
)
Package epstopdf-base Info: Redefining graphics rule for `.eps' on input line 4
38.
Package grfext Info: Graphics extension search list:
(grfext)             [.pdf,.png,.jpg,.mps,.jpeg,.jbig2,.jb2,.PDF,.PNG,.JPG,.JPE
G,.JBIG2,.JB2,.eps]
(grfext)             \AppendGraphicsExtensions on input line 456.
)
Package caption Info: Begin \AtBeginDocument code.
Package caption Info: rotating package is loaded.
Package caption Info: End \AtBeginDocument code.
Now handling font encoding TS1 ...
... processing UTF-8 mapping file for font encoding TS1

("C:\Users\norbert\AppData\Local\Programs\MiKTeX 2.9\tex/latex/base\ts1enc.dfu"
File: ts1enc.dfu 2018/10/05 v1.2f UTF-8 support for inputenc
   defining Unicode char U+00A2 (decimal 162)
   defining Unicode char U+00A3 (decimal 163)
   defining Unicode char U+00A4 (decimal 164)
   defining Unicode char U+00A5 (decimal 165)
   defining Unicode char U+00A6 (decimal 166)
   defining Unicode char U+00A7 (decimal 167)
   defining Unicode char U+00A8 (decimal 168)
   defining Unicode char U+00A9 (decimal 169)
   defining Unicode char U+00AA (decimal 170)
   defining Unicode char U+00AC (decimal 172)
   defining Unicode char U+00AE (decimal 174)
   defining Unicode char U+00AF (decimal 175)
   defining Unicode char U+00B0 (decimal 176)
   defining Unicode char U+00B1 (decimal 177)
   defining Unicode char U+00B2 (decimal 178)
   defining Unicode char U+00B3 (decimal 179)
   defining Unicode char U+00B4 (decimal 180)
   defining Unicode char U+00B5 (decimal 181)
   defining Unicode char U+00B6 (decimal 182)
   defining Unicode char U+00B7 (decimal 183)
   defining Unicode char U+00B9 (decimal 185)
   defining Unicode char U+00BA (decimal 186)
   defining Unicode char U+00BC (decimal 188)
   defining Unicode char U+00BD (decimal 189)
   defining Unicode char U+00BE (decimal 190)
   defining Unicode char U+00D7 (decimal 215)
   defining Unicode char U+00F7 (decimal 247)
   defining Unicode char U+0192 (decimal 402)
   defining Unicode char U+02C7 (decimal 711)
   defining Unicode char U+02D8 (decimal 728)
   defining Unicode char U+02DD (decimal 733)
   defining Unicode char U+0E3F (decimal 3647)
   defining Unicode char U+2016 (decimal 8214)
   defining Unicode char U+2020 (decimal 8224)
   defining Unicode char U+2021 (decimal 8225)
   defining Unicode char U+2022 (decimal 8226)
   defining Unicode char U+2030 (decimal 8240)
   defining Unicode char U+2031 (decimal 8241)
   defining Unicode char U+203B (decimal 8251)
   defining Unicode char U+203D (decimal 8253)
   defining Unicode char U+2044 (decimal 8260)
   defining Unicode char U+204E (decimal 8270)
   defining Unicode char U+2052 (decimal 8274)
   defining Unicode char U+20A1 (decimal 8353)
   defining Unicode char U+20A4 (decimal 8356)
   defining Unicode char U+20A6 (decimal 8358)
   defining Unicode char U+20A9 (decimal 8361)
   defining Unicode char U+20AB (decimal 8363)
   defining Unicode char U+20AC (decimal 8364)
   defining Unicode char U+20B1 (decimal 8369)
   defining Unicode char U+2103 (decimal 8451)
   defining Unicode char U+2116 (decimal 8470)
   defining Unicode char U+2117 (decimal 8471)
   defining Unicode char U+211E (decimal 8478)
   defining Unicode char U+2120 (decimal 8480)
   defining Unicode char U+2122 (decimal 8482)
   defining Unicode char U+2126 (decimal 8486)
   defining Unicode char U+2127 (decimal 8487)
   defining Unicode char U+212E (decimal 8494)
   defining Unicode char U+2190 (decimal 8592)
   defining Unicode char U+2191 (decimal 8593)
   defining Unicode char U+2192 (decimal 8594)
   defining Unicode char U+2193 (decimal 8595)
   defining Unicode char U+2329 (decimal 9001)
   defining Unicode char U+232A (decimal 9002)
   defining Unicode char U+2422 (decimal 9250)
   defining Unicode char U+25E6 (decimal 9702)
   defining Unicode char U+25EF (decimal 9711)
   defining Unicode char U+266A (decimal 9834)
   defining Unicode char U+FEFF (decimal 65279)
)
("C:\Users\norbert\AppData\Local\Programs\MiKTeX 2.9\tex/latex/translator\trans
lator-basic-dictionary-English.dict"
Dictionary: translator-basic-dictionary, Language: English 
)
("C:\Users\norbert\AppData\Local\Programs\MiKTeX 2.9\tex/latex/siunitx\siunitx-
abbreviations.cfg"
File: siunitx-abbreviations.cfg 2017/11/26 v2.7k siunitx: Abbreviated units
)
LaTeX Font Info:    Try loading font information for OML+plm on input line 41.

("C:\Users\norbert\AppData\Local\Programs\MiKTeX 2.9\tex/latex/polski\omlplm.fd
"
File: omlplm.fd 2008/02/24 v1.2.1 Font defs for fonts PL (MW)
)
LaTeX Font Info:    Try loading font information for OMS+plsy on input line 41.


("C:\Users\norbert\AppData\Local\Programs\MiKTeX 2.9\tex/latex/polski\omsplsy.f
d"
File: omsplsy.fd 2008/02/24 v1.2.1 Font defs for fonts PL (MW)
)
LaTeX Font Info:    Try loading font information for OMX+plex on input line 41.


("C:\Users\norbert\AppData\Local\Programs\MiKTeX 2.9\tex/latex/polski\omxplex.f
d"
File: omxplex.fd 2008/02/24 v1.2.1 Font defs for fonts PL (MW)
)
LaTeX Font Info:    External font `plex10' loaded for size
(Font)              <12> on input line 41.
LaTeX Font Info:    External font `plex10' loaded for size
(Font)              <8> on input line 41.
LaTeX Font Info:    External font `plex10' loaded for size
(Font)              <6> on input line 41.
LaTeX Font Info:    Try loading font information for U+lasy on input line 41.
 ("C:\Users\norbert\AppData\Local\Programs\MiKTeX 2.9\tex/latex/base\ulasy.fd"
File: ulasy.fd 1998/08/17 v2.2e LaTeX symbol font definitions
)
LaTeX Font Info:    Try loading font information for U+msa on input line 41.

("C:\Users\norbert\AppData\Local\Programs\MiKTeX 2.9\tex/latex/amsfonts\umsa.fd
"
File: umsa.fd 2013/01/14 v3.01 AMS symbols A
)
LaTeX Font Info:    Try loading font information for U+msb on input line 41.

("C:\Users\norbert\AppData\Local\Programs\MiKTeX 2.9\tex/latex/amsfonts\umsb.fd
"
File: umsb.fd 2013/01/14 v3.01 AMS symbols B
)
LaTeX Font Info:    Try loading font information for OT4+cmss on input line 41.


("C:\Users\norbert\AppData\Local\Programs\MiKTeX 2.9\tex/latex/polski\ot4cmss.f
d"
File: ot4cmss.fd 2008/02/24 v1.2.1 Font defs for fonts PL (MW)
)
LaTeX Font Info:    Try loading font information for OT4+cmtt on input line 41.


("C:\Users\norbert\AppData\Local\Programs\MiKTeX 2.9\tex/latex/polski\ot4cmtt.f
d"
File: ot4cmtt.fd 2008/02/24 v1.2.1 Font defs for fonts PL (MW)
)
\openout2 = `header.aux'.

 (header.tex
<./figures/Logo-IBIB.jpg, id=1, 2061.7025pt x 1957.3125pt>
File: ./figures/Logo-IBIB.jpg Graphic file (type jpg)
<use ./figures/Logo-IBIB.jpg>
Package pdftex.def Info: ./figures/Logo-IBIB.jpg  used on input line 18.
(pdftex.def)             Requested size: 206.18233pt x 195.7427pt.
 [1


{C:/Users/norbert/AppData/Local/MiKTeX/2.9/pdftex/config/pdftex.map} <./figures
/Logo-IBIB.jpg>] [2] [1] [0] (thesis.toc [1

])
\tf@toc=\write3
\openout3 = `thesis.toc'.

 [2] (thesis.lof [3

] [4]
Overfull \hbox (6.91945pt too wide) in paragraph at lines 51--51
 [][] []\OT4/cmr/m/n/12 Wizualizacja przy-kªa-do-wych da-nych USG w prze-kro-ja
ch osio-wych i strzaª- 
 []

)
\tf@lof=\write4
\openout4 = `thesis.lof'.

 [5] (thesis.lot [6

]
Overfull \hbox (2.54022pt too wide) in paragraph at lines 22--22
 \OT4/cmr/m/n/12 ±nio-wych, od-dziel-nie dla po-zy-cji ko-la-na zgi¦-te-go i wy
-pro-sto-wa-ne-go. Ozna- 
 []


Underfull \vbox (badness 1072) has occurred while \output is active []

 [7])
\tf@lot=\write5
\openout5 = `thesis.lot'.

)
Overfull \vbox (2.49998pt too high) has occurred while \output is active []


[8] (Rozdzialy/wprowadzenie.tex
Rozdzia\PlPrIeC {\l } 1.
<figures/AI_w_radiologii.jpg, id=46, 1910.13625pt x 602.25pt>
File: figures/AI_w_radiologii.jpg Graphic file (type jpg)
<use figures/AI_w_radiologii.jpg>
Package pdftex.def Info: figures/AI_w_radiologii.jpg  used on input line 11.
(pdftex.def)             Requested size: 441.01773pt x 139.04758pt.

Underfull \vbox (badness 10000) has occurred while \output is active []

 [1


]
Overfull \vbox (2.49998pt too high) has occurred while \output is active []


[2 <./figures/AI_w_radiologii.jpg>]
<figures/rodzajeSieciNeuronowych.png, id=56, 2106.87125pt x 1637.11626pt>
File: figures/rodzajeSieciNeuronowych.png Graphic file (type png)
<use figures/rodzajeSieciNeuronowych.png>
Package pdftex.def Info: figures/rodzajeSieciNeuronowych.png  used on input lin
e 28.
(pdftex.def)             Requested size: 441.01773pt x 342.68045pt.


LaTeX Warning: `!h' float specifier changed to `!ht'.


Underfull \vbox (badness 10000) has occurred while \output is active []


Overfull \vbox (2.49998pt too high) has occurred while \output is active []


[3]
Overfull \vbox (2.49998pt too high) has occurred while \output is active []


[4 <./figures/rodzajeSieciNeuronowych.png (PNG copy)>]
Rozdzia\PlPrIeC {\l } 2.
[5

]) (Rozdzialy/monitorowanie.tex
Overfull \vbox (2.49998pt too high) has occurred while \output is active []


[6]
Rozdzia\PlPrIeC {\l } 3.
<figures/muscleStructure.png, id=69, 2106.87125pt x 720.6925pt>
File: figures/muscleStructure.png Graphic file (type png)
<use figures/muscleStructure.png>
Package pdftex.def Info: figures/muscleStructure.png  used on input line 6.
(pdftex.def)             Requested size: 441.01773pt x 150.85503pt.
[7

 <./figures/muscleStructure.png (PNG copy)>]
Overfull \vbox (3.2466pt too high) has occurred while \output is active []


[8]
<figures/Achilles_hist.png, id=77, 2106.87125pt x 798.985pt>
File: figures/Achilles_hist.png Graphic file (type png)
<use figures/Achilles_hist.png>
Package pdftex.def Info: figures/Achilles_hist.png  used on input line 31.
(pdftex.def)             Requested size: 441.01773pt x 167.24318pt.

Underfull \vbox (badness 10000) has occurred while \output is active []


Overfull \vbox (3.2466pt too high) has occurred while \output is active []


[9 <./figures/Achilles_hist.png (PNG copy)>]
<figures/skurcz_miesni.png, id=81, 2106.87125pt x 617.30624pt>
File: figures/skurcz_miesni.png Graphic file (type png)
<use figures/skurcz_miesni.png>
Package pdftex.def Info: figures/skurcz_miesni.png  used on input line 53.
(pdftex.def)             Requested size: 441.01773pt x 129.21426pt.
<figures/Hill.png, id=82, 2106.87125pt x 644.4075pt>
File: figures/Hill.png Graphic file (type png)
<use figures/Hill.png>
Package pdftex.def Info: figures/Hill.png  used on input line 60.
(pdftex.def)             Requested size: 441.01773pt x 134.88708pt.

Overfull \vbox (3.2466pt too high) has occurred while \output is active []


[10 <./figures/skurcz_miesni.png (PNG copy)>]
Overfull \vbox (3.2466pt too high) has occurred while \output is active []


[11 <./figures/Hill.png (PNG copy)>]
<figures/Achilles_zerwanie.png, id=90, 2106.87125pt x 910.40125pt>
File: figures/Achilles_zerwanie.png Graphic file (type png)
<use figures/Achilles_zerwanie.png>
Package pdftex.def Info: figures/Achilles_zerwanie.png  used on input line 83.
(pdftex.def)             Requested size: 441.01773pt x 190.56477pt.

Overfull \vbox (3.2466pt too high) has occurred while \output is active []


[12 <./figures/Achilles_zerwanie.png (PNG copy)>]
LaTeX Font Info:    Try loading font information for OMS+cmr on input line 93.

("C:\Users\norbert\AppData\Local\Programs\MiKTeX 2.9\tex/latex/base\omscmr.fd"
File: omscmr.fd 2014/09/29 v2.5h Standard LaTeX font definitions
)
LaTeX Font Info:    Font shape `OMS/cmr/m/n' in size <12> not available
(Font)              Font shape `OMS/cmsy/m/n' tried instead on input line 93.

Overfull \vbox (3.2466pt too high) has occurred while \output is active []


[13]
Overfull \vbox (3.2466pt too high) has occurred while \output is active []


[14]
Underfull \vbox (badness 10000) has occurred while \output is active []


Overfull \vbox (3.2466pt too high) has occurred while \output is active []


[15]
Underfull \vbox (badness 1960) has occurred while \output is active []


Overfull \vbox (3.2466pt too high) has occurred while \output is active []


[16]
Underfull \vbox (badness 10000) has occurred while \output is active []


Overfull \vbox (2.49998pt too high) has occurred while \output is active []


[17]
Underfull \vbox (badness 10000) has occurred while \output is active []


Overfull \vbox (2.49998pt too high) has occurred while \output is active []


[18]
Underfull \vbox (badness 10000) has occurred while \output is active []


Overfull \vbox (2.49998pt too high) has occurred while \output is active []


[19]
Overfull \vbox (2.49998pt too high) has occurred while \output is active []


[20]
Overfull \vbox (2.49998pt too high) has occurred while \output is active []


[21]
Overfull \vbox (2.49998pt too high) has occurred while \output is active []


[22]
LaTeX Font Info:    External font `plex10' loaded for size
(Font)              <5> on input line 248.


LaTeX Warning: `!h' float specifier changed to `!ht'.


Underfull \vbox (badness 10000) has occurred while \output is active []


Overfull \vbox (2.49998pt too high) has occurred while \output is active []


[23]
Underfull \vbox (badness 3635) has occurred while \output is active []


Overfull \vbox (2.49998pt too high) has occurred while \output is active []


[24]
Overfull \vbox (2.49998pt too high) has occurred while \output is active []


[25]
Underfull \vbox (badness 10000) has occurred while \output is active []


Overfull \vbox (2.49998pt too high) has occurred while \output is active []


[26]
Overfull \vbox (2.49998pt too high) has occurred while \output is active []


[27]
Overfull \vbox (2.49998pt too high) has occurred while \output is active []


[28]
Overfull \vbox (2.49998pt too high) has occurred while \output is active []


[29]) (Rozdzialy/sieci.tex
Overfull \vbox (2.49998pt too high) has occurred while \output is active []


[30]
Rozdzia\PlPrIeC {\l } 4.

Underfull \vbox (badness 10000) has occurred while \output is active []

 [31

]
Overfull \vbox (2.49998pt too high) has occurred while \output is active []


[32]
Overfull \vbox (2.49998pt too high) has occurred while \output is active []


[33]
LaTeX Font Info:    External font `plex10' loaded for size
(Font)              <10> on input line 49.
LaTeX Font Info:    External font `plex10' loaded for size
(Font)              <7> on input line 49.
<figures/DLworkflow.png, id=166, 2106.87125pt x 825.0825pt>
File: figures/DLworkflow.png Graphic file (type png)
<use figures/DLworkflow.png>
Package pdftex.def Info: figures/DLworkflow.png  used on input line 52.
(pdftex.def)             Requested size: 441.01773pt x 172.7059pt.

Overfull \vbox (2.49998pt too high) has occurred while \output is active []


[34 <./figures/DLworkflow.png (PNG copy)>]
<figures/perceptron.png, id=172, 2106.87125pt x 800.9925pt>
File: figures/perceptron.png Graphic file (type png)
<use figures/perceptron.png>
Package pdftex.def Info: figures/perceptron.png  used on input line 70.
(pdftex.def)             Requested size: 441.01773pt x 167.66339pt.

Overfull \vbox (2.49998pt too high) has occurred while \output is active []


[35 <./figures/perceptron.png (PNG copy)>]
<figures/MLperceptron.png, id=176, 2106.87125pt x 871.255pt>
File: figures/MLperceptron.png Graphic file (type png)
<use figures/MLperceptron.png>
Package pdftex.def Info: figures/MLperceptron.png  used on input line 90.
(pdftex.def)             Requested size: 441.01773pt x 182.37071pt.
<figures/lenet.png, id=177, 2106.87125pt x 879.285pt>
File: figures/lenet.png Graphic file (type png)
<use figures/lenet.png>
Package pdftex.def Info: figures/lenet.png  used on input line 106.
(pdftex.def)             Requested size: 441.01773pt x 184.05154pt.

Overfull \vbox (2.49998pt too high) has occurred while \output is active []


[36 <./figures/MLperceptron.png (PNG copy)>]
Underfull \vbox (badness 1681) has occurred while \output is active []


Overfull \vbox (2.49998pt too high) has occurred while \output is active []


[37 <./figures/lenet.png (PNG copy)>]
Overfull \vbox (2.49998pt too high) has occurred while \output is active []


[38]
Underfull \vbox (badness 10000) has occurred while \output is active []


Overfull \vbox (2.49998pt too high) has occurred while \output is active []


[39]
Overfull \vbox (2.49998pt too high) has occurred while \output is active []


[40]
Overfull \vbox (2.49998pt too high) has occurred while \output is active []


[41]
Overfull \vbox (2.49998pt too high) has occurred while \output is active []


[42]
<figures/cross-validation.png, id=201, 2106.87125pt x 834.11626pt>
File: figures/cross-validation.png Graphic file (type png)
<use figures/cross-validation.png>
Package pdftex.def Info: figures/cross-validation.png  used on input line 220.
(pdftex.def)             Requested size: 441.01773pt x 174.59683pt.

Overfull \vbox (2.49998pt too high) has occurred while \output is active []


[43 <./figures/cross-validation.png (PNG copy)>]
Underfull \vbox (badness 10000) has occurred while \output is active []


Overfull \vbox (2.49998pt too high) has occurred while \output is active []


[44]
Overfull \vbox (2.49998pt too high) has occurred while \output is active []


[45]
Overfull \vbox (2.49998pt too high) has occurred while \output is active []


[46]
Underfull \vbox (badness 10000) has occurred while \output is active []


Overfull \vbox (2.49998pt too high) has occurred while \output is active []


[47]
<figures/PCA.png, id=218, 2106.87125pt x 1213.53375pt>
File: figures/PCA.png Graphic file (type png)
<use figures/PCA.png>
Package pdftex.def Info: figures/PCA.png  used on input line 320.
(pdftex.def)             Requested size: 441.01773pt x 254.01634pt.

Overfull \vbox (2.49998pt too high) has occurred while \output is active []


[48 <./figures/PCA.png (PNG copy)>]
Overfull \vbox (2.49998pt too high) has occurred while \output is active []


[49]
Overfull \vbox (2.49998pt too high) has occurred while \output is active []


[50]
<figures/ILSVRC.jpg, id=229, 2106.87125pt x 1156.32pt>
File: figures/ILSVRC.jpg Graphic file (type jpg)
<use figures/ILSVRC.jpg>
Package pdftex.def Info: figures/ILSVRC.jpg  used on input line 372.
(pdftex.def)             Requested size: 441.01773pt x 242.04039pt.


LaTeX Warning: `!h' float specifier changed to `!ht'.

<figures/AlexNet.png, id=230, 2124.93875pt x 758.835pt>
File: figures/AlexNet.png Graphic file (type png)
<use figures/AlexNet.png>
Package pdftex.def Info: figures/AlexNet.png  used on input line 383.
(pdftex.def)             Requested size: 441.01773pt x 157.48427pt.

Underfull \vbox (badness 10000) has occurred while \output is active []


Overfull \vbox (2.49998pt too high) has occurred while \output is active []


[51]
Overfull \vbox (2.49998pt too high) has occurred while \output is active []


[52 <./figures/ILSVRC.jpg> <./figures/AlexNet.png (PNG copy)>]
Overfull \hbox (2.48775pt too wide) in paragraph at lines 390--391
[]\OT4/cmr/m/n/12 Pierwsza war-stwa kon-wo-lu-cyj-na przyj-mu-je na wej-±ciu da
-ne o wy-mia-rze 227$\OMS/plsy/m/n/12 $\OT4/cmr/m/n/12 227$\OMS/plsy/m/n/12 $
\OT4/cmr/m/n/12 3[],
 []


Overfull \hbox (3.12512pt too wide) in paragraph at lines 390--391
\OT4/cmr/m/n/12 na któ-rych wy-ko-ny-wa-na jest ope-ra-cja splo-tu z 96 fil-tra
-mi z ma-sk¡ o wy-mia-rach 11$\OMS/plsy/m/n/12 $\OT4/cmr/m/n/12 11$\OMS/plsy/m
/n/12 $\OT4/cmr/m/n/12 3
 []


Overfull \hbox (24.95712pt too wide) in paragraph at lines 397--398
[]\OT4/cmr/m/n/12 Rezultat w po-sta-ci ma-cie-rzy $\OML/plm/m/it/12 C$ \OT4/cmr
/m/n/12 po-now-nie prze-wy-mia-ro-wa-ny jest na po-sta¢ [55$\OMS/plsy/m/n/12 $
\OT4/cmr/m/n/12 55$\OMS/plsy/m/n/12 $\OT4/cmr/m/n/12 96]. 
 []


Overfull \vbox (2.49998pt too high) has occurred while \output is active []


[53]
<figures/AlexNet-multiGPU.png, id=241, 2124.93875pt x 745.78625pt>
File: figures/AlexNet-multiGPU.png Graphic file (type png)
<use figures/AlexNet-multiGPU.png>
Package pdftex.def Info: figures/AlexNet-multiGPU.png  used on input line 406.
(pdftex.def)             Requested size: 441.01773pt x 154.77621pt.

Underfull \vbox (badness 10000) has occurred while \output is active []


Overfull \vbox (2.49998pt too high) has occurred while \output is active []


[54 <./figures/AlexNet-multiGPU.png (PNG copy)>]
<figures/InceptionModules.png, id=245, 2124.93875pt x 682.55pt>
File: figures/InceptionModules.png Graphic file (type png)
<use figures/InceptionModules.png>
Package pdftex.def Info: figures/InceptionModules.png  used on input line 424.
(pdftex.def)             Requested size: 441.01773pt x 141.65251pt.

Overfull \vbox (2.49998pt too high) has occurred while \output is active []


[55 <./figures/InceptionModules.png (PNG copy)>]
<figures/GoogleNet.png, id=250, 1071.40276pt x 248.72925pt>
File: figures/GoogleNet.png Graphic file (type png)
<use figures/GoogleNet.png>
Package pdftex.def Info: figures/GoogleNet.png  used on input line 434.
(pdftex.def)             Requested size: 441.01773pt x 102.38574pt.

Overfull \vbox (2.49998pt too high) has occurred while \output is active []


[56 <./figures/GoogleNet.png>]
<figures/ResidualBlock.png, id=254, 2124.93875pt x 709.65125pt>
File: figures/ResidualBlock.png Graphic file (type png)
<use figures/ResidualBlock.png>
Package pdftex.def Info: figures/ResidualBlock.png  used on input line 487.
(pdftex.def)             Requested size: 441.01773pt x 147.27695pt.

Underfull \vbox (badness 1845) has occurred while \output is active []


Overfull \vbox (2.49998pt too high) has occurred while \output is active []


[57]
Overfull \hbox (16.15782pt too wide) in paragraph at lines 509--511
[]$ \OT4/cmr/m/n/12 pro-pa-go-wa-n¡ bez wpªy-wu na war-stwy za-wie-ra-j¡-ce wa-
gi i (2) $\OML/plm/m/it/12 $ \OT4/cmr/m/n/12 = $[][] [][] \OML/plm/m/it/12 F\O
T4/cmr/m/n/12 (\OML/plm/m/it/12 x[]; W[]\OT4/cmr/m/n/12 )$
 []


Overfull \vbox (2.49998pt too high) has occurred while \output is active []


[58 <./figures/ResidualBlock.png (PNG copy)>]
<figures/ResNet.png, id=261, 676.32675pt x 208.3785pt>
File: figures/ResNet.png Graphic file (type png)
<use figures/ResNet.png>
Package pdftex.def Info: figures/ResNet.png  used on input line 529.
(pdftex.def)             Requested size: 441.01773pt x 135.88pt.

Overfull \vbox (2.49998pt too high) has occurred while \output is active []


[59 <./figures/ResNet.png>]
Overfull \vbox (2.49998pt too high) has occurred while \output is active []


[60]
Overfull \vbox (2.49998pt too high) has occurred while \output is active []


[61]
<figures/DL_CAD_statystyka.jpg, id=272, 2124.93875pt x 2605.735pt>
File: figures/DL_CAD_statystyka.jpg Graphic file (type jpg)
<use figures/DL_CAD_statystyka.jpg>
Package pdftex.def Info: figures/DL_CAD_statystyka.jpg  used on input line 586.

(pdftex.def)             Requested size: 441.01773pt x 540.77934pt.


LaTeX Warning: `!h' float specifier changed to `!ht'.

<figures/CAD-okulisci.jpg, id=273, 1904.11375pt x 1128.215pt>
File: figures/CAD-okulisci.jpg Graphic file (type jpg)
<use figures/CAD-okulisci.jpg>
Package pdftex.def Info: figures/CAD-okulisci.jpg  used on input line 596.
(pdftex.def)             Requested size: 308.71106pt x 182.911pt.

LaTeX Warning: `!h' float specifier changed to `!ht'.


Underfull \vbox (badness 2103) has occurred while \output is active []


Overfull \vbox (2.49998pt too high) has occurred while \output is active []


[62]
Underfull \vbox (badness 2707) has occurred while \output is active []


Overfull \vbox (2.49998pt too high) has occurred while \output is active []


[63 <./figures/DL_CAD_statystyka.jpg>]
<figures/CAD-dermatolodzy.jpg, id=280, 1904.11375pt x 770.88pt>
File: figures/CAD-dermatolodzy.jpg Graphic file (type jpg)
<use figures/CAD-dermatolodzy.jpg>
Package pdftex.def Info: figures/CAD-dermatolodzy.jpg  used on input line 607.
(pdftex.def)             Requested size: 396.91325pt x 160.68979pt.

Underfull \vbox (badness 3199) has occurred while \output is active []


Overfull \vbox (2.49998pt too high) has occurred while \output is active []


[64 <./figures/CAD-okulisci.jpg> <./figures/CAD-dermatolodzy.jpg>]
<figures/fda_for_ai.png, id=284, 3513.125pt x 2582.64874pt>
File: figures/fda_for_ai.png Graphic file (type png)
<use figures/fda_for_ai.png>
Package pdftex.def Info: figures/fda_for_ai.png  used on input line 622.
(pdftex.def)             Requested size: 396.91325pt x 291.7768pt.


LaTeX Warning: `!h' float specifier changed to `!ht'.


Overfull \vbox (2.49998pt too high) has occurred while \output is active []


[65]
Overfull \vbox (2.49998pt too high) has occurred while \output is active []


[66 <./figures/fda_for_ai.png>]) (Rozdzialy/opis_metody.tex
Overfull \vbox (2.49998pt too high) has occurred while \output is active []


[67]
Rozdzia\PlPrIeC {\l } 5.

Underfull \vbox (badness 10000) has occurred while \output is active []

 [68

]
Overfull \vbox (2.49998pt too high) has occurred while \output is active []


[69]
<figures/net.jpg, id=302, 1904.11375pt x 967.615pt>
File: figures/net.jpg Graphic file (type jpg)
<use figures/net.jpg>
Package pdftex.def Info: figures/net.jpg  used on input line 29.
(pdftex.def)             Requested size: 441.01773pt x 224.11182pt.

Overfull \vbox (2.49998pt too high) has occurred while \output is active []


[70 <./figures/net.jpg>]
Overfull \vbox (2.49998pt too high) has occurred while \output is active []


[71]
<figures/Data_MRI_sample.jpg, id=309, 1904.11375pt x 764.8575pt>
File: figures/Data_MRI_sample.jpg Graphic file (type jpg)
<use figures/Data_MRI_sample.jpg>
Package pdftex.def Info: figures/Data_MRI_sample.jpg  used on input line 65.
(pdftex.def)             Requested size: 441.01773pt x 177.15062pt.


LaTeX Warning: `!h' float specifier changed to `!ht'.


Overfull \vbox (2.49998pt too high) has occurred while \output is active []


[72]
Overfull \vbox (2.49998pt too high) has occurred while \output is active []


[73 <./figures/Data_MRI_sample.jpg>]
Overfull \vbox (2.49998pt too high) has occurred while \output is active []


[74]
Overfull \vbox (2.49998pt too high) has occurred while \output is active []


[75]
<figures/TrainingtimesChart.jpg, id=323, 1904.11375pt x 1074.0125pt>
File: figures/TrainingtimesChart.jpg Graphic file (type jpg)
<use figures/TrainingtimesChart.jpg>
Package pdftex.def Info: figures/TrainingtimesChart.jpg  used on input line 126
.
(pdftex.def)             Requested size: 441.01773pt x 248.7548pt.

Overfull \vbox (2.49998pt too high) has occurred while \output is active []


[76]
Overfull \vbox (2.49998pt too high) has occurred while \output is active []


[77 <./figures/TrainingtimesChart.jpg>]
Overfull \vbox (2.49998pt too high) has occurred while \output is active []


[78]
<figures/H_PC1.jpg, id=333, 1901.1025pt x 1504.62125pt>
File: figures/H_PC1.jpg Graphic file (type jpg)
<use figures/H_PC1.jpg>
Package pdftex.def Info: figures/H_PC1.jpg  used on input line 162.
(pdftex.def)             Requested size: 352.81552pt x 279.223pt.

Overfull \vbox (2.49998pt too high) has occurred while \output is active []


[79 <./figures/H_PC1.jpg>]
<figures/Hists.jpg, id=338, 1901.1025pt x 2710.125pt>
File: figures/Hists.jpg Graphic file (type jpg)
<use figures/Hists.jpg>
Package pdftex.def Info: figures/Hists.jpg  used on input line 186.
(pdftex.def)             Requested size: 264.61333pt x 377.18185pt.


LaTeX Warning: `h' float specifier changed to `ht'.


Overfull \vbox (2.49998pt too high) has occurred while \output is active []


[80]
Overfull \vbox (2.49998pt too high) has occurred while \output is active []


[81 <./figures/Hists.jpg>]
<figures/Protocol_comparison.jpg, id=345, 1901.1025pt x 630.355pt>
File: figures/Protocol_comparison.jpg Graphic file (type jpg)
<use figures/Protocol_comparison.jpg>
Package pdftex.def Info: figures/Protocol_comparison.jpg  used on input line 20
6.
(pdftex.def)             Requested size: 418.96548pt x 138.90936pt.
<figures/T2gremin.jpg, id=346, 1901.1025pt x 1276.77pt>
File: figures/T2gremin.jpg Graphic file (type jpg)
<use figures/T2gremin.jpg>
Package pdftex.def Info: figures/T2gremin.jpg  used on input line 215.
(pdftex.def)             Requested size: 418.96548pt x 281.35783pt.


LaTeX Warning: `h' float specifier changed to `ht'.


Overfull \vbox (2.49998pt too high) has occurred while \output is active []


[82 <./figures/Protocol_comparison.jpg>]

LaTeX Warning: `h' float specifier changed to `ht'.


Overfull \vbox (2.49998pt too high) has occurred while \output is active []


[83 <./figures/T2gremin.jpg>]
Overfull \hbox (19.02544pt too wide) in paragraph at lines 262--331
 [] 
 []


Overfull \vbox (2.49998pt too high) has occurred while \output is active []


[84]
Overfull \vbox (2.49998pt too high) has occurred while \output is active []


[85]
Overfull \vbox (2.49998pt too high) has occurred while \output is active []


[86]

LaTeX Warning: No positions in optional float specifier.
               Default added (so using `tbp') on input line 360.


Overfull \vbox (2.49998pt too high) has occurred while \output is active []


[87]

LaTeX Warning: No positions in optional float specifier.
               Default added (so using `tbp') on input line 400.


Underfull \vbox (badness 10000) has occurred while \output is active []


Overfull \vbox (2.49998pt too high) has occurred while \output is active []


[88]

LaTeX Warning: No positions in optional float specifier.
               Default added (so using `tbp') on input line 448.

<figures/XAI.jpg, id=370, 1901.1025pt x 824.07875pt>
File: figures/XAI.jpg Graphic file (type jpg)
<use figures/XAI.jpg>
Package pdftex.def Info: figures/XAI.jpg  used on input line 450.
(pdftex.def)             Requested size: 441.01773pt x 191.1688pt.

LaTeX Warning: No positions in optional float specifier.
               Default added (so using `tbp') on input line 454.

<figures/3DXAI.jpg, id=371, 1900.09875pt x 792.9625pt>
File: figures/3DXAI.jpg Graphic file (type jpg)
<use figures/3DXAI.jpg>
Package pdftex.def Info: figures/3DXAI.jpg  used on input line 456.
(pdftex.def)             Requested size: 441.01773pt x 184.04729pt.

Underfull \vbox (badness 10000) has occurred while \output is active []


Overfull \vbox (2.49998pt too high) has occurred while \output is active []


[89]
Overfull \vbox (2.49998pt too high) has occurred while \output is active []


[90 <./figures/XAI.jpg> <./figures/3DXAI.jpg>]

LaTeX Warning: No positions in optional float specifier.
               Default added (so using `tbp') on input line 470.

<figures/cm.png, id=378, 1156.32pt x 1806.75pt>
File: figures/cm.png Graphic file (type png)
<use figures/cm.png>
Package pdftex.def Info: figures/cm.png  used on input line 472.
(pdftex.def)             Requested size: 441.01773pt x 689.0809pt.

LaTeX Warning: Float too large for page by 77.7978pt on input line 474.


LaTeX Warning: No positions in optional float specifier.
               Default added (so using `tbp') on input line 477.


Overfull \vbox (2.49998pt too high) has occurred while \output is active []


[91]
Overfull \vbox (2.49998pt too high) has occurred while \output is active []


[92 <./figures/cm.png>]

LaTeX Warning: No positions in optional float specifier.
               Default added (so using `tbp') on input line 493.

<figures/cm_summary.jpg, id=388, 1901.1025pt x 1219.55624pt>
File: figures/cm_summary.jpg Graphic file (type jpg)
<use figures/cm_summary.jpg>
Package pdftex.def Info: figures/cm_summary.jpg  used on input line 495.
(pdftex.def)             Requested size: 441.01773pt x 282.9112pt.

Underfull \vbox (badness 10000) has occurred while \output is active []


Overfull \vbox (2.49998pt too high) has occurred while \output is active []


[93 <./figures/cm_summary.jpg>]

LaTeX Warning: No positions in optional float specifier.
               Default added (so using `tbp') on input line 504.

<figures/cmScores.jpg, id=392, 1901.1025pt x 1830.84pt>
File: figures/cmScores.jpg Graphic file (type jpg)
<use figures/cmScores.jpg>
Package pdftex.def Info: figures/cmScores.jpg  used on input line 506.
(pdftex.def)             Requested size: 396.91325pt x 382.22491pt.

Underfull \vbox (badness 10000) has occurred while \output is active []


Overfull \vbox (2.49998pt too high) has occurred while \output is active []


[94 <./figures/cmScores.jpg>]

LaTeX Warning: No positions in optional float specifier.
               Default added (so using `tbp') on input line 511.

<figures/cmScores_summary.jpg, id=396, 1901.1025pt x 1231.60126pt>
File: figures/cmScores_summary.jpg Graphic file (type jpg)
<use figures/cmScores_summary.jpg>
Package pdftex.def Info: figures/cmScores_summary.jpg  used on input line 513.
(pdftex.def)             Requested size: 396.91325pt x 257.12169pt.
<figures/SCT.png, id=397, 1517.67pt x 855.195pt>
File: figures/SCT.png Graphic file (type png)
<use figures/SCT.png>
Package pdftex.def Info: figures/SCT.png  used on input line 523.
(pdftex.def)             Requested size: 441.01773pt x 248.50912pt.

Overfull \vbox (2.49998pt too high) has occurred while \output is active []


[95 <./figures/cmScores_summary.jpg>]
<figures/TT.png, id=401, 1517.67pt x 855.195pt>
File: figures/TT.png Graphic file (type png)
<use figures/TT.png>
Package pdftex.def Info: figures/TT.png  used on input line 531.
(pdftex.def)             Requested size: 441.01773pt x 248.50912pt.

Overfull \vbox (2.49998pt too high) has occurred while \output is active []


[96 <./figures/SCT.png>]
<figures/STE.png, id=406, 1517.67pt x 855.195pt>
File: figures/STE.png Graphic file (type png)
<use figures/STE.png>
Package pdftex.def Info: figures/STE.png  used on input line 541.
(pdftex.def)             Requested size: 441.01773pt x 248.50912pt.

Overfull \vbox (2.49998pt too high) has occurred while \output is active []


[97 <./figures/TT.png>]
<figures/TE.png, id=412, 1517.67pt x 855.195pt>
File: figures/TE.png Graphic file (type png)
<use figures/TE.png>
Package pdftex.def Info: figures/TE.png  used on input line 549.
(pdftex.def)             Requested size: 441.01773pt x 248.50912pt.


LaTeX Warning: `!h' float specifier changed to `!ht'.


Overfull \vbox (2.49998pt too high) has occurred while \output is active []


[98 <./figures/STE.png>]
<figures/TU.png, id=417, 1517.67pt x 855.195pt>
File: figures/TU.png Graphic file (type png)
<use figures/TU.png>
Package pdftex.def Info: figures/TU.png  used on input line 557.
(pdftex.def)             Requested size: 441.01773pt x 248.50912pt.


LaTeX Warning: `!h' float specifier changed to `!ht'.


Overfull \vbox (2.49998pt too high) has occurred while \output is active []


[99 <./figures/TE.png>]
<figures/TisE.png, id=422, 1517.67pt x 855.195pt>
File: figures/TisE.png Graphic file (type png)
<use figures/TisE.png>
Package pdftex.def Info: figures/TisE.png  used on input line 565.
(pdftex.def)             Requested size: 441.01773pt x 248.50912pt.


LaTeX Warning: `!h' float specifier changed to `!ht'.

) (Rozdzialy/wyniki_podsumowanie.tex
Overfull \vbox (2.49998pt too high) has occurred while \output is active []


[100 <./figures/TU.png>]
Overfull \vbox (2.49998pt too high) has occurred while \output is active []


[101 <./figures/TisE.png>]
Rozdzia\PlPrIeC {\l } 6.

Overfull \hbox (3.12201pt too wide) in paragraph at lines 7--7
[]\OT4/cmr/bx/n/17.28 Porównanie z me-to-d¡ opar-t¡ o pa-ra-dyg-mat end-
 []

[102

]
Overfull \vbox (2.49998pt too high) has occurred while \output is active []


[103]
Underfull \vbox (badness 3826) has occurred while \output is active []


Overfull \vbox (2.49998pt too high) has occurred while \output is active []


[104]
<figures/Segmentacja.jpg, id=441, 1901.1025pt x 827.09pt>
File: figures/Segmentacja.jpg Graphic file (type jpg)
<use figures/Segmentacja.jpg>
Package pdftex.def Info: figures/Segmentacja.jpg  used on input line 75.
(pdftex.def)             Requested size: 441.01773pt x 191.86734pt.

Overfull \vbox (2.49998pt too high) has occurred while \output is active []


[105 <./figures/Segmentacja.jpg>]
<figures/Data_US_sample.jpg, id=445, 1901.1025pt x 1280.785pt>
File: figures/Data_US_sample.jpg Graphic file (type jpg)
<use figures/Data_US_sample.jpg>
Package pdftex.def Info: figures/Data_US_sample.jpg  used on input line 96.
(pdftex.def)             Requested size: 441.01773pt x 297.11496pt.


LaTeX Warning: `!h' float specifier changed to `!ht'.


LaTeX Warning: No positions in optional float specifier.
               Default added (so using `tbp') on input line 104.


Overfull \vbox (2.49998pt too high) has occurred while \output is active []


[106]
Underfull \vbox (badness 10000) has occurred while \output is active []


Overfull \vbox (2.49998pt too high) has occurred while \output is active []


[107 <./figures/Data_US_sample.jpg>]
Overfull \vbox (2.49998pt too high) has occurred while \output is active []


[108]
Underfull \vbox (badness 10000) has occurred while \output is active []


Overfull \vbox (2.49998pt too high) has occurred while \output is active []


[109]

LaTeX Warning: `h' float specifier changed to `ht'.


LaTeX Warning: `h' float specifier changed to `ht'.


Underfull \vbox (badness 10000) has occurred while \output is active []


Overfull \vbox (2.49998pt too high) has occurred while \output is active []


[110]

LaTeX Warning: `h' float specifier changed to `ht'.


Overfull \vbox (2.49998pt too high) has occurred while \output is active []


[111]

LaTeX Warning: `h' float specifier changed to `ht'.


Overfull \vbox (2.49998pt too high) has occurred while \output is active []


[112]
Overfull \vbox (2.49998pt too high) has occurred while \output is active []


[113]
Overfull \vbox (2.49998pt too high) has occurred while \output is active []


[114]
Rozdzia\PlPrIeC {\l } 7.

Underfull \vbox (badness 10000) has occurred while \output is active []

 [115

]
Underfull \vbox (badness 10000) has occurred while \output is active []


Overfull \vbox (2.49998pt too high) has occurred while \output is active []


[116]) (thesis.bbl
Overfull \vbox (2.49998pt too high) has occurred while \output is active []


[117] [118

]
Underfull \hbox (badness 1097) in paragraph at lines 69--75
\OT4/cmr/m/n/12 go ±ci¦-gna Achil-le-sa.  $\OT4/cmtt/m/n/12 https : / / carolin
a . pl / dla-[]personelu-[]medycznego /
 []


Overfull \vbox (2.49998pt too high) has occurred while \output is active []


[119]
Underfull \hbox (badness 1515) in paragraph at lines 155--160
[]\OT4/cmr/m/n/12 Mahmut Ne-dim Do-ral, Mah-bub Alam, Mu-rat Boz-kurt, Ege-men 
Tur-han,
 []


Overfull \vbox (2.49998pt too high) has occurred while \output is active []


[120]
Underfull \hbox (badness 10000) in paragraph at lines 227--232
[]\OT4/cmr/m/n/12 Vincent Fung.  An Ove-rview of Re-sNet and
 []


Underfull \hbox (badness 10000) in paragraph at lines 227--232
\OT4/cmr/m/n/12 its Va-riants.  $\OT4/cmtt/m/n/12 https : / / towardsdatascienc
e . com /
 []


Underfull \hbox (badness 2302) in paragraph at lines 227--232
\OT4/cmtt/m/n/12 an-[]overview-[]of-[]resnet-[]and-[]its-[]variants-[]5281e2f56
035$\OT4/cmr/m/n/12 .  Dost.: 2019-
 []


Overfull \vbox (2.49998pt too high) has occurred while \output is active []


[121]
Overfull \vbox (2.49998pt too high) has occurred while \output is active []


[122]
Underfull \hbox (badness 3780) in paragraph at lines 343--348
[]\OT4/cmr/m/n/12 NVIDIA Inc.  Pro-ject Cla-ra: NVI-DIA Su-per-com-pu-ting Plat
-form Re-
 []


Underfull \hbox (badness 1735) in paragraph at lines 343--348
\OT4/cmr/m/n/12 de-fi-nes Me-di-cal Ima-ging.  $\OT4/cmtt/m/n/12 https : / / bl
ogs . nvidia . com / blog / 2018 / 03 / 28 /
 []


Underfull \hbox (badness 10000) in paragraph at lines 350--356
[]\OT4/cmr/m/n/12 Samsung Inc.  De-ep Le-ar-ning: The Next Step in Ap-plied He-

 []


Underfull \hbox (badness 10000) in paragraph at lines 350--356
\OT4/cmr/m/n/12 al-th-ca-re Da-ta.  $\OT4/cmtt/m/n/12 https : / / insights . sa
msung . com / 2016 / 07 / 12 /
 []


Underfull \hbox (badness 10000) in paragraph at lines 350--356
\OT4/cmtt/m/n/12 deep-[]learning-[]the-[]next-[]step-[]in-[]applied-[]healthcar
e-[]data/$\OT4/cmr/m/n/12 .  Dost.:
 []


Overfull \vbox (2.49998pt too high) has occurred while \output is active []


[123]
Overfull \vbox (2.49998pt too high) has occurred while \output is active []


[124]
Overfull \vbox (2.49998pt too high) has occurred while \output is active []


[125]
Overfull \vbox (2.49998pt too high) has occurred while \output is active []


[126]
Underfull \hbox (badness 10000) in paragraph at lines 619--625
[]\OT4/cmr/m/n/12 M. S. Ra-ikin.  Epi-de-mio-lo-gy of Achil-les ten-don rup-
 []


Underfull \hbox (badness 10000) in paragraph at lines 619--625
\OT4/cmr/m/n/12 tu-re in the US.  $\OT4/cmtt/m/n/12 http : / / lermagazine . co
m / article /
 []


Underfull \hbox (badness 10000) in paragraph at lines 619--625
\OT4/cmtt/m/n/12 epidemiology-[]of-[]achilles-[]tendon-[]rupture-[]in-[]the-[]u
s$\OT4/cmr/m/n/12 , 2014.  Dost.:
 []


Overfull \vbox (2.49998pt too high) has occurred while \output is active []


[127]
Underfull \hbox (badness 4505) in paragraph at lines 658--665
[]\OT4/cmr/m/n/12 Agnieszka Ro-si«-ska, Mag-da-le-na Sy-rek.  Re-ha-bi-li-ta-cj
a ±ci¦-gna Achil-le-
 []


Underfull \hbox (badness 1571) in paragraph at lines 658--665
\OT4/cmr/m/n/12 sa - ko-plet-ny pro-to-kóª uspraw-nia-nia po trój-p¦cz-ko-wej r
e-kon-struk-cji ±ci¦-
 []


Overfull \vbox (2.49998pt too high) has occurred while \output is active []


[128]
Overfull \vbox (2.49998pt too high) has occurred while \output is active []


[129]
Overfull \vbox (2.49998pt too high) has occurred while \output is active []


[130]
Overfull \vbox (2.49998pt too high) has occurred while \output is active []


[131]
Overfull \vbox (2.49998pt too high) has occurred while \output is active []


[132]) (appendix.tex
Overfull \vbox (2.49998pt too high) has occurred while \output is active []


[133]
Dodatek A.

LaTeX Warning: No positions in optional float specifier.
               Default added (so using `tbp') on input line 20.

<figures/achillesDL.jpg, id=536, 1181.16281pt x 631.60968pt>
File: figures/achillesDL.jpg Graphic file (type jpg)
<use figures/achillesDL.jpg>
Package pdftex.def Info: figures/achillesDL.jpg  used on input line 22.
(pdftex.def)             Requested size: 441.01773pt x 235.82182pt.
) [134

]
Overfull \vbox (15.1167pt too high) has occurred while \output is active []


[135 <./figures/achillesDL.jpg>] (thesis.aux (header.aux))

LaTeX Warning: There were multiply-defined labels.

 ) 
Here is how much of TeX's memory you used:
 18082 strings out of 492895
 355585 string characters out of 3122802
 374037 words of memory out of 3000000
 21716 multiletter control sequences out of 15000+200000
 556473 words of font info for 92 fonts, out of 3000000 for 9000
 1141 hyphenation exceptions out of 8191
 41i,15n,63p,2108b,551s stack positions out of 5000i,500n,10000p,200000b,50000s
{C:/Users/norbert/AppData/Local/Programs/MiKTeX 2.9/fonts/enc/dvips/pl/pltt.e
nc}{C:/Users/norbert/AppData/Local/Programs/MiKTeX 2.9/fonts/enc/dvips/pl/plrm.
enc}{C:/Users/norbert/AppData/Local/Programs/MiKTeX 2.9/fonts/enc/dvips/pl/plmi
.enc}{C:/Users/norbert/AppData/Local/Programs/MiKTeX 2.9/fonts/enc/dvips/pl/plm
e.enc}{C:/Users/norbert/AppData/Local/Programs/MiKTeX 2.9/fonts/enc/dvips/pl/pl
ms.enc}{C:/Users/norbert/AppData/Local/Programs/MiKTeX 2.9/fonts/enc/dvips/pl/p
lit.enc}{C:/Users/norbert/AppData/Local/Programs/MiKTeX 2.9/fonts/enc/dvips/pl/
plsc.enc}<C:/Users/norbert/AppData/Local/Programs/MiKTeX 2.9/fonts/type1/public
/amsfonts/cm/cmsy10.pfb><C:/Users/norbert/AppData/Local/Programs/MiKTeX 2.9/fon
ts/type1/public/amsfonts/symbols/msam10.pfb><C:/Users/norbert/AppData/Local/Pro
grams/MiKTeX 2.9/fonts/type1/public/pl/plbx12.pfb><C:/Users/norbert/AppData/Loc
al/Programs/MiKTeX 2.9/fonts/type1/public/pl/plbx8.pfb><C:/Users/norbert/AppDat
a/Local/Programs/MiKTeX 2.9/fonts/type1/public/pl/plcsc10.pfb><C:/Users/norbert
/AppData/Local/Programs/MiKTeX 2.9/fonts/type1/public/pl/plex10.pfb><C:/Users/n
orbert/AppData/Local/Programs/MiKTeX 2.9/fonts/type1/public/pl/plmi12.pfb><C:/U
sers/norbert/AppData/Local/Programs/MiKTeX 2.9/fonts/type1/public/pl/plmi6.pfb>
<C:/Users/norbert/AppData/Local/Programs/MiKTeX 2.9/fonts/type1/public/pl/plmi8
.pfb><C:/Users/norbert/AppData/Local/Programs/MiKTeX 2.9/fonts/type1/public/pl/
plr10.pfb><C:/Users/norbert/AppData/Local/Programs/MiKTeX 2.9/fonts/type1/publi
c/pl/plr12.pfb><C:/Users/norbert/AppData/Local/Programs/MiKTeX 2.9/fonts/type1/
public/pl/plr6.pfb><C:/Users/norbert/AppData/Local/Programs/MiKTeX 2.9/fonts/ty
pe1/public/pl/plr7.pfb><C:/Users/norbert/AppData/Local/Programs/MiKTeX 2.9/font
s/type1/public/pl/plr8.pfb><C:/Users/norbert/AppData/Local/Programs/MiKTeX 2.9/
fonts/type1/public/pl/plsl12.pfb><C:/Users/norbert/AppData/Local/Programs/MiKTe
X 2.9/fonts/type1/public/pl/plsy10.pfb><C:/Users/norbert/AppData/Local/Programs
/MiKTeX 2.9/fonts/type1/public/pl/plsy6.pfb><C:/Users/norbert/AppData/Local/Pro
grams/MiKTeX 2.9/fonts/type1/public/pl/plsy8.pfb><C:/Users/norbert/AppData/Loca
l/Programs/MiKTeX 2.9/fonts/type1/public/pl/plti12.pfb><C:/Users/norbert/AppDat
a/Local/Programs/MiKTeX 2.9/fonts/type1/public/pl/pltt12.pfb>
Output written on thesis.pdf (147 pages, 12569544 bytes).
PDF statistics:
 617 PDF objects out of 1000 (max. 8388607)
 0 named destinations out of 1000 (max. 500000)
 236 words of extra memory for PDF output out of 10000 (max. 10000000)

